build/app/intermediates/manifest_merge_blame_file/debug/processDebugMainManifest/manifest-merger-blame-debug-report.txt
1<?xml version="1.0" encoding="utf-8"?>
2<manifest xmlns:android="http://schemas.android.com/apk/res/android"
3    package="com.aeterna.protocol.debug"
4    android:versionCode="1"
5    android:versionName="2.4.0" >
6
7    <uses-sdk
8        android:minSdkVersion="24"
9        android:targetSdkVersion="36" />
10
11    <!-- Permissions -->
12    <uses-permission android:name="android.permission.INTERNET" />
12-->src\main\AndroidManifest.xml:5:5-67
12-->src\main\AndroidManifest.xml:5:22-64
13    <uses-permission android:name="android.permission.USE_BIOMETRIC" />
13-->src\main\AndroidManifest.xml:6:5-72
13-->src\main\AndroidManifest.xml:6:22-69
14    <uses-permission android:name="android.permission.USE_FINGERPRINT" />
14-->src\main\AndroidManifest.xml:7:5-74
14-->src\main\AndroidManifest.xml:7:22-71
15    <uses-permission android:name="android.permission.RECEIVE_BOOT_COMPLETED" />
15-->src\main\AndroidManifest.xml:8:5-81
15-->src\main\AndroidManifest.xml:8:22-78
16    <uses-permission android:name="android.permission.VIBRATE" />
16-->src\main\AndroidManifest.xml:9:5-66
16-->src\main\AndroidManifest.xml:9:22-63
17    <uses-permission
17-->src\main\AndroidManifest.xml:10:5-11:38
18        android:name="android.permission.READ_EXTERNAL_STORAGE"
18-->src\main\AndroidManifest.xml:10:22-77
19        android:maxSdkVersion="32" />
19-->src\main\AndroidManifest.xml:11:9-35
20    <uses-permission
20-->src\main\AndroidManifest.xml:12:5-13:38
21        android:name="android.permission.WRITE_EXTERNAL_STORAGE"
21-->src\main\AndroidManifest.xml:12:22-78
22        android:maxSdkVersion="28" />
22-->src\main\AndroidManifest.xml:13:9-35
23    <uses-permission android:name="android.permission.READ_MEDIA_IMAGES" />
23-->src\main\AndroidManifest.xml:14:5-76
23-->src\main\AndroidManifest.xml:14:22-73
24    <uses-permission android:name="android.permission.READ_MEDIA_VIDEO" />
24-->src\main\AndroidManifest.xml:15:5-75
24-->src\main\AndroidManifest.xml:15:22-72
25    <uses-permission android:name="android.permission.POST_NOTIFICATIONS" />
25-->src\main\AndroidManifest.xml:16:5-77
25-->src\main\AndroidManifest.xml:16:22-74
26
27    <!-- Queries for file pickers -->
28    <queries>
28-->src\main\AndroidManifest.xml:59:5-66:15
29        <intent>
29-->src\main\AndroidManifest.xml:60:9-62:18
30            <action android:name="android.intent.action.GET_CONTENT" />
30-->src\main\AndroidManifest.xml:61:13-72
30-->src\main\AndroidManifest.xml:61:21-69
31        </intent>
32        <intent>
32-->src\main\AndroidManifest.xml:63:9-65:18
33            <action android:name="android.intent.action.OPEN_DOCUMENT" />
33-->src\main\AndroidManifest.xml:64:13-74
33-->src\main\AndroidManifest.xml:64:21-71
34        </intent>
35        <intent>
35-->[:file_picker] AndroidManifest.xml:8:9-12:18
36            <action android:name="android.intent.action.GET_CONTENT" />
36-->src\main\AndroidManifest.xml:61:13-72
36-->src\main\AndroidManifest.xml:61:21-69
37
38            <data android:mimeType="*/*" />
38-->[:file_picker] AndroidManifest.xml:11:13-44
38-->[:file_picker] AndroidManifest.xml:11:19-41
39        </intent> <!-- Added to check the default browser that will host the AuthFlow. -->
40        <intent>
40-->[com.stripe:financial-connections:23.1.0] AndroidManifest.xml:13:9-17:18
41            <action android:name="android.intent.action.VIEW" />
41-->[:stripe_android] AndroidManifest.xml:25:17-69
41-->[:stripe_android] AndroidManifest.xml:25:25-66
42
43            <data android:scheme="http" />
43-->[:file_picker] AndroidManifest.xml:11:13-44
44        </intent> <!-- Added to check if Chrome is installed for browser-based payment authentication (e.g. 3DS1). -->
45        <package android:name="com.android.chrome" /> <!-- Needs to be explicitly declared on Android R+ -->
45-->[com.stripe:payments-core:23.1.0] AndroidManifest.xml:11:9-54
45-->[com.stripe:payments-core:23.1.0] AndroidManifest.xml:11:18-51
46        <package android:name="com.google.android.apps.maps" />
46-->[com.google.android.gms:play-services-maps:18.0.2] AndroidManifest.xml:33:9-64
46-->[com.google.android.gms:play-services-maps:18.0.2] AndroidManifest.xml:33:18-61
47    </queries>
48
49    <uses-permission android:name="android.permission.WAKE_LOCK" />
49-->[:firebase_messaging] AndroidManifest.xml:8:5-68
49-->[:firebase_messaging] AndroidManifest.xml:8:22-65
50    <uses-permission android:name="android.permission.ACCESS_NETWORK_STATE" />
50-->[:firebase_messaging] AndroidManifest.xml:9:5-79
50-->[:firebase_messaging] AndroidManifest.xml:9:22-76
51    <uses-permission android:name="android.permission.READ_MEDIA_AUDIO" /> <!-- Required by older versions of Google Play services to create IID tokens -->
51-->[:open_filex] AndroidManifest.xml:13:5-75
51-->[:open_filex] AndroidManifest.xml:13:22-72
52    <uses-permission android:name="com.google.android.c2dm.permission.RECEIVE" />
52-->[com.google.firebase:firebase-messaging:25.0.1] AndroidManifest.xml:26:5-82
52-->[com.google.firebase:firebase-messaging:25.0.1] AndroidManifest.xml:26:22-79
53
54    <uses-feature
54-->[com.google.android.gms:play-services-maps:18.0.2] AndroidManifest.xml:26:5-28:35
55        android:glEsVersion="0x00020000"
55-->[com.google.android.gms:play-services-maps:18.0.2] AndroidManifest.xml:27:9-41
56        android:required="true" />
56-->[com.google.android.gms:play-services-maps:18.0.2] AndroidManifest.xml:28:9-32
57
58    <permission
58-->[androidx.core:core:1.18.0] AndroidManifest.xml:22:5-24:47
59        android:name="com.aeterna.protocol.debug.DYNAMIC_RECEIVER_NOT_EXPORTED_PERMISSION"
59-->[androidx.core:core:1.18.0] AndroidManifest.xml:23:9-81
60        android:protectionLevel="signature" />
60-->[androidx.core:core:1.18.0] AndroidManifest.xml:24:9-44
61
62    <uses-permission android:name="com.aeterna.protocol.debug.DYNAMIC_RECEIVER_NOT_EXPORTED_PERMISSION" />
62-->[androidx.core:core:1.18.0] AndroidManifest.xml:26:5-97
62-->[androidx.core:core:1.18.0] AndroidManifest.xml:26:22-94
63
64    <application
65        android:name="android.app.Application"
65-->src\main\AndroidManifest.xml:20:9-42
66        android:allowBackup="false"
66-->src\main\AndroidManifest.xml:21:9-36
67        android:appComponentFactory="androidx.core.app.CoreComponentFactory"
67-->[androidx.core:core:1.18.0] AndroidManifest.xml:28:18-86
68        android:debuggable="true"
69        android:extractNativeLibs="false"
70        android:fullBackupContent="false"
70-->src\main\AndroidManifest.xml:22:9-42
71        android:label="Aeterna Protocol"
71-->src\main\AndroidManifest.xml:19:9-41
72        android:networkSecurityConfig="@xml/network_security_config"
72-->src\main\AndroidManifest.xml:23:9-69
73        android:theme="@style/LaunchTheme" >
73-->src\main\AndroidManifest.xml:24:9-43
74        <activity
74-->src\main\AndroidManifest.xml:26:9-40:20
75            android:name="com.aeterna.protocol.MainActivity"
75-->src\main\AndroidManifest.xml:27:13-41
76            android:exported="true"
76-->src\main\AndroidManifest.xml:28:13-36
77            android:launchMode="singleTop"
77-->src\main\AndroidManifest.xml:29:13-43
78            android:taskAffinity=""
78-->src\main\AndroidManifest.xml:30:13-36
79            android:theme="@style/NormalTheme"
79-->src\main\AndroidManifest.xml:31:13-47
80            android:windowSoftInputMode="adjustResize" >
80-->src\main\AndroidManifest.xml:32:13-55
81            <meta-data
81-->src\main\AndroidManifest.xml:33:13-35:57
82                android:name="io.flutter.embedding.android.NormalTheme"
82-->src\main\AndroidManifest.xml:34:17-72
83                android:resource="@style/NormalTheme" />
83-->src\main\AndroidManifest.xml:35:17-54
84
85            <intent-filter>
85-->src\main\AndroidManifest.xml:36:13-39:29
86                <action android:name="android.intent.action.MAIN" />
86-->src\main\AndroidManifest.xml:37:17-69
86-->src\main\AndroidManifest.xml:37:25-66
87
88                <category android:name="android.intent.category.LAUNCHER" />
88-->src\main\AndroidManifest.xml:38:17-77
88-->src\main\AndroidManifest.xml:38:27-74
89            </intent-filter>
90        </activity>
91
92        <!-- Firebase Messaging Service -->
93        <service
93-->src\main\AndroidManifest.xml:43:9-49:19
94            android:name="com.google.firebase.messaging.FirebaseMessagingService"
94-->src\main\AndroidManifest.xml:44:13-82
95            android:directBootAware="true"
95-->[com.google.firebase:firebase-messaging:25.0.1] AndroidManifest.xml:48:13-43
96            android:exported="false" >
96-->src\main\AndroidManifest.xml:45:13-37
97            <intent-filter>
97-->src\main\AndroidManifest.xml:46:13-48:29
98                <action android:name="com.google.firebase.MESSAGING_EVENT" />
98-->src\main\AndroidManifest.xml:47:17-78
98-->src\main\AndroidManifest.xml:47:25-75
99            </intent-filter>
100            <intent-filter android:priority="-500" >
100-->src\main\AndroidManifest.xml:46:13-48:29
101                <action android:name="com.google.firebase.MESSAGING_EVENT" />
101-->src\main\AndroidManifest.xml:47:17-78
101-->src\main\AndroidManifest.xml:47:25-75
102            </intent-filter>
103        </service>
104
105        <!-- Flutter Embedding -->
106        <meta-data
106-->src\main\AndroidManifest.xml:52:9-54:33
107            android:name="flutterEmbedding"
107-->src\main\AndroidManifest.xml:53:13-44
108            android:value="2" />
108-->src\main\AndroidManifest.xml:54:13-30
109
110        <service
110-->[:firebase_messaging] AndroidManifest.xml:14:9-17:72
111            android:name="io.flutter.plugins.firebase.messaging.FlutterFirebaseMessagingBackgroundService"
111-->[:firebase_messaging] AndroidManifest.xml:15:13-107
112            android:exported="false"
112-->[:firebase_messaging] AndroidManifest.xml:16:13-37
113            android:permission="android.permission.BIND_JOB_SERVICE" />
113-->[:firebase_messaging] AndroidManifest.xml:17:13-69
114        <service
114-->[:firebase_messaging] AndroidManifest.xml:18:9-24:19
115            android:name="io.flutter.plugins.firebase.messaging.FlutterFirebaseMessagingService"
115-->[:firebase_messaging] AndroidManifest.xml:19:13-97
116            android:exported="false" >
116-->[:firebase_messaging] AndroidManifest.xml:20:13-37
117            <intent-filter>
117-->src\main\AndroidManifest.xml:46:13-48:29
118                <action android:name="com.google.firebase.MESSAGING_EVENT" />
118-->src\main\AndroidManifest.xml:47:17-78
118-->src\main\AndroidManifest.xml:47:25-75
119            </intent-filter>
120        </service>
121
122        <receiver
122-->[:firebase_messaging] AndroidManifest.xml:26:9-33:20
123            android:name="io.flutter.plugins.firebase.messaging.FlutterFirebaseMessagingReceiver"
123-->[:firebase_messaging] AndroidManifest.xml:27:13-98
124            android:exported="true"
124-->[:firebase_messaging] AndroidManifest.xml:28:13-36
125            android:permission="com.google.android.c2dm.permission.SEND" >
125-->[:firebase_messaging] AndroidManifest.xml:29:13-73
126            <intent-filter>
126-->[:firebase_messaging] AndroidManifest.xml:30:13-32:29
127                <action android:name="com.google.android.c2dm.intent.RECEIVE" />
127-->[:firebase_messaging] AndroidManifest.xml:31:17-81
127-->[:firebase_messaging] AndroidManifest.xml:31:25-78
128            </intent-filter>
129        </receiver>
130
131        <service
131-->[:firebase_messaging] AndroidManifest.xml:35:9-39:19
132            android:name="com.google.firebase.components.ComponentDiscoveryService"
132-->[:firebase_messaging] AndroidManifest.xml:35:18-89
133            android:directBootAware="true"
133-->[com.google.firebase:firebase-common:22.0.1] AndroidManifest.xml:32:13-43
134            android:exported="false" >
134-->[com.google.firebase:firebase-messaging:25.0.1] AndroidManifest.xml:56:13-37
135            <meta-data
135-->[:firebase_messaging] AndroidManifest.xml:36:13-38:85
136                android:name="com.google.firebase.components:io.flutter.plugins.firebase.messaging.FlutterFirebaseAppRegistrar"
136-->[:firebase_messaging] AndroidManifest.xml:37:17-128
137                android:value="com.google.firebase.components.ComponentRegistrar" />
137-->[:firebase_messaging] AndroidManifest.xml:38:17-82
138            <meta-data
138-->[:firebase_core] AndroidManifest.xml:9:13-11:85
139                android:name="com.google.firebase.components:io.flutter.plugins.firebase.core.FlutterFirebaseCoreRegistrar"
139-->[:firebase_core] AndroidManifest.xml:10:17-124
140                android:value="com.google.firebase.components.ComponentRegistrar" />
140-->[:firebase_core] AndroidManifest.xml:11:17-82
141            <meta-data
141-->[com.google.firebase:firebase-messaging:25.0.1] AndroidManifest.xml:57:13-59:85
142                android:name="com.google.firebase.components:com.google.firebase.messaging.FirebaseMessagingKtxRegistrar"
142-->[com.google.firebase:firebase-messaging:25.0.1] AndroidManifest.xml:58:17-122
143                android:value="com.google.firebase.components.ComponentRegistrar" />
143-->[com.google.firebase:firebase-messaging:25.0.1] AndroidManifest.xml:59:17-82
144            <meta-data
144-->[com.google.firebase:firebase-messaging:25.0.1] AndroidManifest.xml:60:13-62:85
145                android:name="com.google.firebase.components:com.google.firebase.messaging.FirebaseMessagingRegistrar"
145-->[com.google.firebase:firebase-messaging:25.0.1] AndroidManifest.xml:61:17-119
146                android:value="com.google.firebase.components.ComponentRegistrar" />
146-->[com.google.firebase:firebase-messaging:25.0.1] AndroidManifest.xml:62:17-82
147            <meta-data
147-->[com.google.firebase:firebase-installations:19.1.0] AndroidManifest.xml:15:13-17:85
148                android:name="com.google.firebase.components:com.google.firebase.installations.FirebaseInstallationsKtxRegistrar"
148-->[com.google.firebase:firebase-installations:19.1.0] AndroidManifest.xml:16:17-130
149                android:value="com.google.firebase.components.ComponentRegistrar" />
149-->[com.google.firebase:firebase-installations:19.1.0] AndroidManifest.xml:17:17-82
150            <meta-data
150-->[com.google.firebase:firebase-installations:19.1.0] AndroidManifest.xml:18:13-20:85
151                android:name="com.google.firebase.components:com.google.firebase.installations.FirebaseInstallationsRegistrar"
151-->[com.google.firebase:firebase-installations:19.1.0] AndroidManifest.xml:19:17-127
152                android:value="com.google.firebase.components.ComponentRegistrar" />
152-->[com.google.firebase:firebase-installations:19.1.0] AndroidManifest.xml:20:17-82
153            <meta-data
153-->[com.google.firebase:firebase-common:22.0.1] AndroidManifest.xml:35:13-37:85
154                android:name="com.google.firebase.components:com.google.firebase.FirebaseCommonKtxRegistrar"
154-->[com.google.firebase:firebase-common:22.0.1] AndroidManifest.xml:36:17-109
155                android:value="com.google.firebase.components.ComponentRegistrar" />
155-->[com.google.firebase:firebase-common:22.0.1] AndroidManifest.xml:37:17-82
156            <meta-data
156-->[com.google.firebase:firebase-datatransport:18.2.0] AndroidManifest.xml:25:13-27:85
157                android:name="com.google.firebase.components:com.google.firebase.datatransport.TransportRegistrar"
157-->[com.google.firebase:firebase-datatransport:18.2.0] AndroidManifest.xml:26:17-115
158                android:value="com.google.firebase.components.ComponentRegistrar" />
158-->[com.google.firebase:firebase-datatransport:18.2.0] AndroidManifest.xml:27:17-82
159        </service>
160
161        <provider
161-->[:firebase_messaging] AndroidManifest.xml:41:9-45:38
162            android:name="io.flutter.plugins.firebase.messaging.FlutterFirebaseMessagingInitProvider"
162-->[:firebase_messaging] AndroidManifest.xml:42:13-102
163            android:authorities="com.aeterna.protocol.debug.flutterfirebasemessaginginitprovider"
163-->[:firebase_messaging] AndroidManifest.xml:43:13-88
164            android:exported="false"
164-->[:firebase_messaging] AndroidManifest.xml:44:13-37
165            android:initOrder="99" />
165-->[:firebase_messaging] AndroidManifest.xml:45:13-35
166        <provider
166-->[:open_filex] AndroidManifest.xml:16:9-25:20
167            android:name="com.crazecoder.openfile.FileProvider"
167-->[:open_filex] AndroidManifest.xml:17:13-64
168            android:authorities="com.aeterna.protocol.debug.fileProvider.com.crazecoder.openfile"
168-->[:open_filex] AndroidManifest.xml:18:13-88
169            android:exported="false"
169-->[:open_filex] AndroidManifest.xml:19:13-37
170            android:grantUriPermissions="true" >
170-->[:open_filex] AndroidManifest.xml:20:13-47
171            <meta-data
171-->[:open_filex] AndroidManifest.xml:22:13-24:53
172                android:name="android.support.FILE_PROVIDER_PATHS"
172-->[:open_filex] AndroidManifest.xml:23:17-67
173                android:resource="@xml/filepaths" />
173-->[:open_filex] AndroidManifest.xml:24:17-50
174        </provider>
175
176        <activity
176-->[:stripe_android] AndroidManifest.xml:8:9-14:74
177            android:name="com.reactnativestripesdk.CustomPaymentMethodActivity"
177-->[:stripe_android] AndroidManifest.xml:9:13-80
178            android:excludeFromRecents="true"
178-->[:stripe_android] AndroidManifest.xml:10:13-46
179            android:exported="false"
179-->[:stripe_android] AndroidManifest.xml:11:13-37
180            android:launchMode="singleTop"
180-->[:stripe_android] AndroidManifest.xml:12:13-43
181            android:noHistory="true"
181-->[:stripe_android] AndroidManifest.xml:13:13-37
182            android:theme="@style/Theme.StripeReactNative.Transparent" /> <!-- Interceptor for stripe-connect:// deep links -->
182-->[:stripe_android] AndroidManifest.xml:14:13-71
183        <activity
183-->[:stripe_android] AndroidManifest.xml:17:9-32:20
184            android:name="com.reactnativestripesdk.StripeConnectDeepLinkInterceptorActivity"
184-->[:stripe_android] AndroidManifest.xml:18:13-93
185            android:excludeFromRecents="true"
185-->[:stripe_android] AndroidManifest.xml:19:13-46
186            android:exported="true"
186-->[:stripe_android] AndroidManifest.xml:20:13-36
187            android:launchMode="singleTask"
187-->[:stripe_android] AndroidManifest.xml:21:13-44
188            android:noHistory="true"
188-->[:stripe_android] AndroidManifest.xml:22:13-37
189            android:theme="@android:style/Theme.Translucent.NoTitleBar" >
189-->[:stripe_android] AndroidManifest.xml:23:13-72
190            <intent-filter>
190-->[:stripe_android] AndroidManifest.xml:24:13-31:29
191                <action android:name="android.intent.action.VIEW" />
191-->[:stripe_android] AndroidManifest.xml:25:17-69
191-->[:stripe_android] AndroidManifest.xml:25:25-66
192
193                <category android:name="android.intent.category.DEFAULT" />
193-->[:stripe_android] AndroidManifest.xml:27:17-76
193-->[:stripe_android] AndroidManifest.xml:27:27-73
194                <category android:name="android.intent.category.BROWSABLE" />
194-->[:stripe_android] AndroidManifest.xml:28:17-78
194-->[:stripe_android] AndroidManifest.xml:28:27-75
195
196                <data android:scheme="stripe-connect" />
196-->[:file_picker] AndroidManifest.xml:11:13-44
197            </intent-filter>
198        </activity>
199
200        <provider
200-->[:stripe_android] AndroidManifest.xml:34:9-42:20
201            android:name="com.reactnativestripesdk.StripeFileProvider"
201-->[:stripe_android] AndroidManifest.xml:35:13-71
202            android:authorities="com.aeterna.protocol.debug.fileprovider"
202-->[:stripe_android] AndroidManifest.xml:36:13-64
203            android:exported="false"
203-->[:stripe_android] AndroidManifest.xml:37:13-37
204            android:grantUriPermissions="true" >
204-->[:stripe_android] AndroidManifest.xml:38:13-47
205            <meta-data
205-->[:open_filex] AndroidManifest.xml:22:13-24:53
206                android:name="android.support.FILE_PROVIDER_PATHS"
206-->[:open_filex] AndroidManifest.xml:23:17-67
207                android:resource="@xml/file_paths" />
207-->[:open_filex] AndroidManifest.xml:24:17-50
208        </provider>
209
210        <activity
210-->[:url_launcher_android] AndroidManifest.xml:8:9-11:74
211            android:name="io.flutter.plugins.urllauncher.WebViewActivity"
211-->[:url_launcher_android] AndroidManifest.xml:9:13-74
212            android:exported="false"
212-->[:url_launcher_android] AndroidManifest.xml:10:13-37
213            android:theme="@android:style/Theme.NoTitleBar.Fullscreen" />
213-->[:url_launcher_android] AndroidManifest.xml:11:13-71
214        <activity
214-->[com.stripe:financial-connections:23.1.0] AndroidManifest.xml:21:9-65:20
215            android:name="com.stripe.android.financialconnections.FinancialConnectionsSheetRedirectActivity"
215-->[com.stripe:financial-connections:23.1.0] AndroidManifest.xml:22:13-109
216            android:exported="true"
216-->[com.stripe:financial-connections:23.1.0] AndroidManifest.xml:23:13-36
217            android:launchMode="singleTask" >
217-->[com.stripe:financial-connections:23.1.0] AndroidManifest.xml:24:13-44
218            <intent-filter>
218-->[com.stripe:financial-connections:23.1.0] AndroidManifest.xml:25:13-64:29
219                <action android:name="android.intent.action.VIEW" />
219-->[:stripe_android] AndroidManifest.xml:25:17-69
219-->[:stripe_android] AndroidManifest.xml:25:25-66
220
221                <category android:name="android.intent.category.DEFAULT" />
221-->[:stripe_android] AndroidManifest.xml:27:17-76
221-->[:stripe_android] AndroidManifest.xml:27:27-73
222                <category android:name="android.intent.category.BROWSABLE" />
222-->[:stripe_android] AndroidManifest.xml:28:17-78
222-->[:stripe_android] AndroidManifest.xml:28:27-75
223
224                <!-- Returning from app2app: return_url is triggered to reopen web AuthFlow and poll accounts. -->
225                <data
225-->[:file_picker] AndroidManifest.xml:11:13-44
226                    android:host="link-accounts"
227                    android:pathPrefix="/com.aeterna.protocol.debug/authentication_return"
228                    android:scheme="stripe-auth" />
229
230                <!-- Returning from app2app: return_url is triggered to reopen native AuthFlow and poll accounts. -->
231                <data
231-->[:file_picker] AndroidManifest.xml:11:13-44
232                    android:host="link-native-accounts"
233                    android:pathPrefix="/com.aeterna.protocol.debug/authentication_return"
234                    android:scheme="stripe-auth" />
235
236                <!-- End of web AuthFlow success and cancel URIs that begin with "stripe-auth://link-accounts/{app-id}/...” -->
237                <data
237-->[:file_picker] AndroidManifest.xml:11:13-44
238                    android:host="link-accounts"
239                    android:path="/com.aeterna.protocol.debug/success"
240                    android:scheme="stripe-auth" />
241                <data
241-->[:file_picker] AndroidManifest.xml:11:13-44
242                    android:host="link-accounts"
243                    android:path="/com.aeterna.protocol.debug/cancel"
244                    android:scheme="stripe-auth" />
245
246                <!-- Opening app2app: Web flow triggers stripe-auth://native-redirect/{app-id}/http://web-that-redirects-to-native -->
247                <data
247-->[:file_picker] AndroidManifest.xml:11:13-44
248                    android:host="native-redirect"
249                    android:pathPrefix="/com.aeterna.protocol.debug"
250                    android:scheme="stripe-auth" />
251
252                <!-- Accepts success/cancel/fail URIs that begin with "stripe://auth-redirect” -->
253                <data
253-->[:file_picker] AndroidManifest.xml:11:13-44
254                    android:host="auth-redirect"
255                    android:pathPrefix="/com.aeterna.protocol.debug"
256                    android:scheme="stripe" />
257            </intent-filter>
258        </activity>
259        <activity
259-->[com.stripe:financial-connections:23.1.0] AndroidManifest.xml:66:9-69:77
260            android:name="com.stripe.android.financialconnections.FinancialConnectionsSheetActivity"
260-->[com.stripe:financial-connections:23.1.0] AndroidManifest.xml:67:13-101
261            android:exported="false"
261-->[com.stripe:financial-connections:23.1.0] AndroidManifest.xml:68:13-37
262            android:theme="@style/StripeFinancialConnectionsDefaultTheme" />
262-->[com.stripe:financial-connections:23.1.0] AndroidManifest.xml:69:13-74
263        <activity
263-->[com.stripe:financial-connections:23.1.0] AndroidManifest.xml:70:9-74:58
264            android:name="com.stripe.android.financialconnections.ui.FinancialConnectionsSheetNativeActivity"
264-->[com.stripe:financial-connections:23.1.0] AndroidManifest.xml:71:13-110
265            android:exported="false"
265-->[com.stripe:financial-connections:23.1.0] AndroidManifest.xml:72:13-37
266            android:theme="@style/StripeFinancialConnectionsDefaultTheme"
266-->[com.stripe:financial-connections:23.1.0] AndroidManifest.xml:73:13-74
267            android:windowSoftInputMode="adjustResize" />
267-->[com.stripe:financial-connections:23.1.0] AndroidManifest.xml:74:13-55
268        <activity
268-->[com.stripe:paymentsheet:23.1.0] AndroidManifest.xml:8:9-11:69
269            android:name="com.stripe.android.paymentsheet.PaymentSheetActivity"
269-->[com.stripe:paymentsheet:23.1.0] AndroidManifest.xml:9:13-80
270            android:exported="false"
270-->[com.stripe:paymentsheet:23.1.0] AndroidManifest.xml:10:13-37
271            android:theme="@style/StripePaymentSheetDefaultTheme" />
271-->[com.stripe:paymentsheet:23.1.0] AndroidManifest.xml:11:13-66
272        <activity
272-->[com.stripe:paymentsheet:23.1.0] AndroidManifest.xml:12:9-15:69
273            android:name="com.stripe.android.paymentsheet.PaymentOptionsActivity"
273-->[com.stripe:paymentsheet:23.1.0] AndroidManifest.xml:13:13-82
274            android:exported="false"
274-->[com.stripe:paymentsheet:23.1.0] AndroidManifest.xml:14:13-37
275            android:theme="@style/StripePaymentSheetDefaultTheme" />
275-->[com.stripe:paymentsheet:23.1.0] AndroidManifest.xml:15:13-66
276        <activity
276-->[com.stripe:paymentsheet:23.1.0] AndroidManifest.xml:16:9-19:69
277            android:name="com.stripe.android.customersheet.CustomerSheetActivity"
277-->[com.stripe:paymentsheet:23.1.0] AndroidManifest.xml:17:13-82
278            android:exported="false"
278-->[com.stripe:paymentsheet:23.1.0] AndroidManifest.xml:18:13-37
279            android:theme="@style/StripePaymentSheetDefaultTheme" />
279-->[com.stripe:paymentsheet:23.1.0] AndroidManifest.xml:19:13-66
280        <activity
280-->[com.stripe:paymentsheet:23.1.0] AndroidManifest.xml:20:9-23:69
281            android:name="com.stripe.android.paymentsheet.addresselement.AddressElementActivity"
281-->[com.stripe:paymentsheet:23.1.0] AndroidManifest.xml:21:13-97
282            android:exported="false"
282-->[com.stripe:paymentsheet:23.1.0] AndroidManifest.xml:22:13-37
283            android:theme="@style/StripePaymentSheetDefaultTheme" />
283-->[com.stripe:paymentsheet:23.1.0] AndroidManifest.xml:23:13-66
284        <activity
284-->[com.stripe:paymentsheet:23.1.0] AndroidManifest.xml:24:9-27:69
285            android:name="com.stripe.android.paymentsheet.addresselement.AutocompleteActivity"
285-->[com.stripe:paymentsheet:23.1.0] AndroidManifest.xml:25:13-95
286            android:exported="false"
286-->[com.stripe:paymentsheet:23.1.0] AndroidManifest.xml:26:13-37
287            android:theme="@style/StripePaymentSheetDefaultTheme" />
287-->[com.stripe:paymentsheet:23.1.0] AndroidManifest.xml:27:13-66
288        <activity
288-->[com.stripe:paymentsheet:23.1.0] AndroidManifest.xml:28:9-31:69
289            android:name="com.stripe.android.paymentsheet.paymentdatacollection.bacs.BacsMandateConfirmationActivity"
289-->[com.stripe:paymentsheet:23.1.0] AndroidManifest.xml:29:13-118
290            android:exported="false"
290-->[com.stripe:paymentsheet:23.1.0] AndroidManifest.xml:30:13-37
291            android:theme="@style/StripePaymentSheetDefaultTheme" />
291-->[com.stripe:paymentsheet:23.1.0] AndroidManifest.xml:31:13-66
292        <activity
292-->[com.stripe:paymentsheet:23.1.0] AndroidManifest.xml:32:9-35:69
293            android:name="com.stripe.android.paymentsheet.paymentdatacollection.polling.PollingActivity"
293-->[com.stripe:paymentsheet:23.1.0] AndroidManifest.xml:33:13-105
294            android:exported="false"
294-->[com.stripe:paymentsheet:23.1.0] AndroidManifest.xml:34:13-37
295            android:theme="@style/StripePaymentSheetDefaultTheme" />
295-->[com.stripe:paymentsheet:23.1.0] AndroidManifest.xml:35:13-66
296        <activity
296-->[com.stripe:paymentsheet:23.1.0] AndroidManifest.xml:36:9-39:69
297            android:name="com.stripe.android.paymentsheet.ui.SepaMandateActivity"
297-->[com.stripe:paymentsheet:23.1.0] AndroidManifest.xml:37:13-82
298            android:exported="false"
298-->[com.stripe:paymentsheet:23.1.0] AndroidManifest.xml:38:13-37
299            android:theme="@style/StripePaymentSheetDefaultTheme" />
299-->[com.stripe:paymentsheet:23.1.0] AndroidManifest.xml:39:13-66
300        <activity
300-->[com.stripe:paymentsheet:23.1.0] AndroidManifest.xml:40:9-43:68
301            android:name="com.stripe.android.paymentsheet.ExternalPaymentMethodProxyActivity"
301-->[com.stripe:paymentsheet:23.1.0] AndroidManifest.xml:41:13-94
302            android:exported="false"
302-->[com.stripe:paymentsheet:23.1.0] AndroidManifest.xml:42:13-37
303            android:theme="@style/StripePayLauncherDefaultTheme" />